# JRE version: Java(TM) SE Runtime Environment (8.0_74-b02) (build 1.8.0_74-b02)
# Java VM: Java HotSpot(TM) 64-Bit Server VM (25.74-b02 mixed mode windows-amd64 compressed oops)
Heap:
 PSYoungGen      total 31744K, used 19241K [0x00000000e0000000, 0x00000000e2c80000, 0x0000000100000000)
  eden space 27136K, 55% used [0x00000000e0000000,0x00000000e0ea9c20,0x00000000e1a80000)
  from space 4608K, 91% used [0x00000000e1b00000,0x00000000e1f20890,0x00000000e1f80000)
  to   space 9216K, 0% used [0x00000000e2380000,0x00000000e2380000,0x00000000e2c80000)
 ParOldGen       total 50688K, used 14909K [0x00000000a0000000, 0x00000000a3180000, 0x00000000e0000000)
  object space 50688K, 29% used [0x00000000a0000000,0x00000000a0e8f7e0,0x00000000a3180000)
 Metaspace       used 36574K, capacity 37370K, committed 37888K, reserved 1081344K
  class space    used 5051K, capacity 5259K, committed 5376K, reserved 1048576K
GC Heap History (10 events):
Event: 44.753 GC heap before
{Heap before GC invocations=11 (full 1):
 PSYoungGen      total 31744K, used 31456K [0x00000000e0000000, 0x00000000e3080000, 0x0000000100000000)
  eden space 29184K, 100% used [0x00000000e0000000,0x00000000e1c80000,0x00000000e1c80000)
  from space 2560K, 88% used [0x00000000e1d00000,0x00000000e1f38000,0x00000000e1f80000)
  to   space 10240K, 0% used [0x00000000e2680000,0x00000000e2680000,0x00000000e3080000)
 ParOldGen       total 46080K, used 10917K [0x00000000a0000000, 0x00000000a2d00000, 0x00000000e0000000)
  object space 46080K, 23% used [0x00000000a0000000,0x00000000a0aa9598,0x00000000a2d00000)
 Metaspace       used 31951K, capacity 32456K, committed 32768K, reserved 1077248K
  class space    used 4416K, capacity 4587K, committed 4608K, reserved 1048576K
Event: 44.760 GC heap after
Heap after GC invocations=11 (full 1):
 PSYoungGen      total 37376K, used 4810K [0x00000000e0000000, 0x00000000e2f00000, 0x0000000100000000)
  eden space 28672K, 0% used [0x00000000e0000000,0x00000000e0000000,0x00000000e1c00000)
  from space 8704K, 55% used [0x00000000e2680000,0x00000000e2b32bd0,0x00000000e2f00000)
  to   space 9728K, 0% used [0x00000000e1c00000,0x00000000e1c00000,0x00000000e2580000)
 ParOldGen       total 46080K, used 11829K [0x00000000a0000000, 0x00000000a2d00000, 0x00000000e0000000)
  object space 46080K, 25% used [0x00000000a0000000,0x00000000a0b8d598,0x00000000a2d00000)
 Metaspace       used 31951K, capacity 32456K, committed 32768K, reserved 1077248K
  class space    used 4416K, capacity 4587K, committed 4608K, reserved 1048576K
}
Event: 45.829 GC heap before
{Heap before GC invocations=12 (full 1):
 PSYoungGen      total 37376K, used 33482K [0x00000000e0000000, 0x00000000e2f00000, 0x0000000100000000)
  eden space 28672K, 100% used [0x00000000e0000000,0x00000000e1c00000,0x00000000e1c00000)
  from space 8704K, 55% used [0x00000000e2680000,0x00000000e2b32bd0,0x00000000e2f00000)
  to   space 9728K, 0% used [0x00000000e1c00000,0x00000000e1c00000,0x00000000e2580000)
 ParOldGen       total 46080K, used 11829K [0x00000000a0000000, 0x00000000a2d00000, 0x00000000e0000000)
  object space 46080K, 25% used [0x00000000a0000000,0x00000000a0b8d598,0x00000000a2d00000)
 Metaspace       used 32903K, capacity 33494K, committed 33920K, reserved 1079296K
  class space    used 4538K, capacity 4720K, committed 4736K, reserved 1048576K
Event: 45.833 GC heap after
Heap after GC invocations=12 (full 1):
 PSYoungGen      total 31232K, used 2977K [0x00000000e0000000, 0x00000000e2e80000, 0x0000000100000000)
  eden space 28160K, 0% used [0x00000000e0000000,0x00000000e0000000,0x00000000e1b80000)
  from space 3072K, 96% used [0x00000000e1c00000,0x00000000e1ee85d8,0x00000000e1f00000)
  to   space 9728K, 0% used [0x00000000e2500000,0x00000000e2500000,0x00000000e2e80000)
 ParOldGen       total 46080K, used 12553K [0x00000000a0000000, 0x00000000a2d00000, 0x00000000e0000000)
  object space 46080K, 27% used [0x00000000a0000000,0x00000000a0c425a8,0x00000000a2d00000)
 Metaspace       used 32903K, capacity 33494K, committed 33920K, reserved 1079296K
  class space    used 4538K, capacity 4720K, committed 4736K, reserved 1048576K
}
Event: 46.281 GC heap before
{Heap before GC invocations=13 (full 1):
 PSYoungGen      total 31232K, used 26355K [0x00000000e0000000, 0x00000000e2e80000, 0x0000000100000000)
  eden space 28160K, 83% used [0x00000000e0000000,0x00000000e16d4718,0x00000000e1b80000)
  from space 3072K, 96% used [0x00000000e1c00000,0x00000000e1ee85d8,0x00000000e1f00000)
  to   space 9728K, 0% used [0x00000000e2500000,0x00000000e2500000,0x00000000e2e80000)
 ParOldGen       total 46080K, used 12553K [0x00000000a0000000, 0x00000000a2d00000, 0x00000000e0000000)
  object space 46080K, 27% used [0x00000000a0000000,0x00000000a0c425a8,0x00000000a2d00000)
 Metaspace       used 34569K, capacity 35098K, committed 35456K, reserved 1079296K
  class space    used 4758K, capacity 4886K, committed 4992K, reserved 1048576K
Event: 46.285 GC heap after
Heap after GC invocations=13 (full 1):
 PSYoungGen      total 36864K, used 2484K [0x00000000e0000000, 0x00000000e2e00000, 0x0000000100000000)
  eden space 27648K, 0% used [0x00000000e0000000,0x00000000e0000000,0x00000000e1b00000)
  from space 9216K, 26% used [0x00000000e2500000,0x00000000e276d358,0x00000000e2e00000)
  to   space 9728K, 0% used [0x00000000e1b00000,0x00000000e1b00000,0x00000000e2480000)
 ParOldGen       total 46080K, used 14733K [0x00000000a0000000, 0x00000000a2d00000, 0x00000000e0000000)
  object space 46080K, 31% used [0x00000000a0000000,0x00000000a0e635b8,0x00000000a2d00000)
 Metaspace       used 34569K, capacity 35098K, committed 35456K, reserved 1079296K
  class space    used 4758K, capacity 4886K, committed 4992K, reserved 1048576K
}
Event: 46.285 GC heap before
{Heap before GC invocations=14 (full 2):
 PSYoungGen      total 36864K, used 2484K [0x00000000e0000000, 0x00000000e2e00000, 0x0000000100000000)
  eden space 27648K, 0% used [0x00000000e0000000,0x00000000e0000000,0x00000000e1b00000)
  from space 9216K, 26% used [0x00000000e2500000,0x00000000e276d358,0x00000000e2e00000)
  to   space 9728K, 0% used [0x00000000e1b00000,0x00000000e1b00000,0x00000000e2480000)
 ParOldGen       total 46080K, used 14733K [0x00000000a0000000, 0x00000000a2d00000, 0x00000000e0000000)
  object space 46080K, 31% used [0x00000000a0000000,0x00000000a0e635b8,0x00000000a2d00000)
 Metaspace       used 34569K, capacity 35098K, committed 35456K, reserved 1079296K
  class space    used 4758K, capacity 4886K, committed 4992K, reserved 1048576K
Event: 46.344 GC heap after
Heap after GC invocations=14 (full 2):
 PSYoungGen      total 36864K, used 0K [0x00000000e0000000, 0x00000000e2e00000, 0x0000000100000000)
  eden space 27648K, 0% used [0x00000000e0000000,0x00000000e0000000,0x00000000e1b00000)
  from space 9216K, 0% used [0x00000000e2500000,0x00000000e2500000,0x00000000e2e00000)
  to   space 9728K, 0% used [0x00000000e1b00000,0x00000000e1b00000,0x00000000e2480000)
 ParOldGen       total 50688K, used 14901K [0x00000000a0000000, 0x00000000a3180000, 0x00000000e0000000)
  object space 50688K, 29% used [0x00000000a0000000,0x00000000a0e8d7e0,0x00000000a3180000)
 Metaspace       used 34569K, capacity 35098K, committed 35456K, reserved 1079296K
  class space    used 4758K, capacity 4886K, committed 4992K, reserved 1048576K
}
Event: 47.508 GC heap before
{Heap before GC invocations=15 (full 2):
 PSYoungGen      total 36864K, used 27648K [0x00000000e0000000, 0x00000000e2e00000, 0x0000000100000000)
  eden space 27648K, 100% used [0x00000000e0000000,0x00000000e1b00000,0x00000000e1b00000)
  from space 9216K, 0% used [0x00000000e2500000,0x00000000e2500000,0x00000000e2e00000)
  to   space 9728K, 0% used [0x00000000e1b00000,0x00000000e1b00000,0x00000000e2480000)
 ParOldGen       total 50688K, used 14901K [0x00000000a0000000, 0x00000000a3180000, 0x00000000e0000000)
  object space 50688K, 29% used [0x00000000a0000000,0x00000000a0e8d7e0,0x00000000a3180000)
 Metaspace       used 35762K, capacity 36390K, committed 36992K, reserved 1081344K
  class space    used 4916K, capacity 5125K, committed 5248K, reserved 1048576K
Event: 47.511 GC heap after
Heap after GC invocations=15 (full 2):
 PSYoungGen      total 31744K, used 4226K [0x00000000e0000000, 0x00000000e2c80000, 0x0000000100000000)
  eden space 27136K, 0% used [0x00000000e0000000,0x00000000e0000000,0x00000000e1a80000)
  from space 4608K, 91% used [0x00000000e1b00000,0x00000000e1f20890,0x00000000e1f80000)
  to   space 9216K, 0% used [0x00000000e2380000,0x00000000e2380000,0x00000000e2c80000)
 ParOldGen       total 50688K, used 14909K [0x00000000a0000000, 0x00000000a3180000, 0x00000000e0000000)
  object space 50688K, 29% used [0x00000000a0000000,0x00000000a0e8f7e0,0x00000000a3180000)
 Metaspace       used 35762K, capacity 36390K, committed 36992K, reserved 1081344K
  class space    used 4916K, capacity 5125K, committed 5248K, reserved 1048576K
}

